Challenge2/build/app/intermediates/manifest_merge_blame_file/release/manifest-merger-blame-release-report.txt
1<?xml version="1.0" encoding="utf-8"?>
2<manifest xmlns:android="http://schemas.android.com/apk/res/android"
3    package="com.example.Design2"
4    android:versionCode="2001"
5    android:versionName="1.0.0" >
6
7    <uses-sdk
8        android:minSdkVersion="16"
8-->src\main\AndroidManifest.xml
9        android:targetSdkVersion="28" />
9-->src\main\AndroidManifest.xml
10    <!--
11	io.flutter.app.FlutterApplication is an android.app.Application that
12	calls FlutterMain.startInitialization(this); in its onCreate method.
13	In most cases you can leave this as-is, but you if you want to provide
14	additional functionality it is fine to subclass or reimplement
15	FlutterApplication and put your custom class here.
16    -->
17    <uses-permission android:name="android.permission.INTERNET" />
17-->src\main\AndroidManifest.xml:9:2-64
17-->src\main\AndroidManifest.xml:9:19-61
18
19    <application
19-->src\main\AndroidManifest.xml:10:2-37:16
20        android:name="io.flutter.app.FlutterApplication"
20-->src\main\AndroidManifest.xml:10:15-63
21        android:appComponentFactory="androidx.core.app.CoreComponentFactory"
21-->[androidx.core:core:1.1.0] AndroidManifest.xml:24:18-86
22        android:icon="@mipmap/ic_launcher"
22-->src\main\AndroidManifest.xml:10:88-122
23        android:label="Design2" >
23-->src\main\AndroidManifest.xml:10:64-87
24        <activity
24-->src\main\AndroidManifest.xml:11:3-31:14
25            android:name="com.example.Design2.MainActivity"
25-->src\main\AndroidManifest.xml:11:13-41
26            android:configChanges="orientation|keyboardHidden|keyboard|screenSize|smallestScreenSize|locale|layoutDirection|fontScale|screenLayout|density|uiMode"
26-->src\main\AndroidManifest.xml:11:108-258
27            android:hardwareAccelerated="true"
27-->src\main\AndroidManifest.xml:11:259-293
28            android:launchMode="singleTop"
28-->src\main\AndroidManifest.xml:11:42-72
29            android:theme="@style/LaunchTheme"
29-->src\main\AndroidManifest.xml:11:73-107
30            android:windowSoftInputMode="adjustResize" >
30-->src\main\AndroidManifest.xml:11:294-336
31
32            <!--
33			Specifies an Android theme to apply to this Activity as soon as
34			the Android process has started. This theme is visible to the user
35			while the Flutter UI initializes. After that, this theme continues
36			to determine the Window background behind the Flutter UI.
37            -->
38            <meta-data
38-->src\main\AndroidManifest.xml:18:4-111
39                android:name="io.flutter.embedding.android.NormalTheme"
39-->src\main\AndroidManifest.xml:18:15-70
40                android:resource="@style/NormalTheme" />
40-->src\main\AndroidManifest.xml:18:71-108
41            <!--
42			Displays an Android View that continues showing the launch screen
43			Drawable until Flutter paints its first frame, then this splash
44			screen fades out. A splash screen is useful to avoid any visual
45			gap between the end of Android's launch screen and the painting of
46			Flutter's first frame.
47            -->
48            <meta-data
48-->src\main\AndroidManifest.xml:26:4-129
49                android:name="io.flutter.embedding.android.SplashScreenDrawable"
49-->src\main\AndroidManifest.xml:26:15-79
50                android:resource="@drawable/launch_background" />
50-->src\main\AndroidManifest.xml:26:80-126
51
52            <intent-filter>
52-->src\main\AndroidManifest.xml:27:4-30:20
53                <action android:name="android.intent.action.MAIN" />
53-->src\main\AndroidManifest.xml:28:5-57
53-->src\main\AndroidManifest.xml:28:13-54
54
55                <category android:name="android.intent.category.LAUNCHER" />
55-->src\main\AndroidManifest.xml:29:5-65
55-->src\main\AndroidManifest.xml:29:15-62
56            </intent-filter>
57        </activity>
58        <!--
59		Don't delete the meta-data below.
60		This is used by the Flutter tool to generate GeneratedPluginRegistrant.java
61        -->
62        <meta-data
62-->src\main\AndroidManifest.xml:36:3-66
63            android:name="flutterEmbedding"
63-->src\main\AndroidManifest.xml:36:14-45
64            android:value="2" />
64-->src\main\AndroidManifest.xml:36:46-63
65    </application>
66
67</manifest>